                                 Started job on |	Oct 02 18:49:59
                             Started mapping on |	Oct 02 18:49:59
                                    Finished on |	Oct 02 18:50:07
       Mapping speed, Million of reads per hour |	21.86

                          Number of input reads |	48567
                      Average input read length |	99
                                    UNIQUE READS:
                   Uniquely mapped reads number |	46636
                        Uniquely mapped reads % |	96.02%
                          Average mapped length |	98.67
                       Number of splices: Total |	259
            Number of splices: Annotated (sjdb) |	140
                       Number of splices: GT/AG |	256
                       Number of splices: GC/AG |	0
                       Number of splices: AT/AC |	0
               Number of splices: Non-canonical |	3
                      Mismatch rate per base, % |	1.11%
                         Deletion rate per base |	0.02%
                        Deletion average length |	1.23
                        Insertion rate per base |	0.00%
                       Insertion average length |	1.20
                             MULTI-MAPPING READS:
        Number of reads mapped to multiple loci |	1076
             % of reads mapped to multiple loci |	2.22%
        Number of reads mapped to too many loci |	0
             % of reads mapped to too many loci |	0.00%
                                  UNMAPPED READS:
       % of reads unmapped: too many mismatches |	0.00%
                 % of reads unmapped: too short |	1.56%
                     % of reads unmapped: other |	0.20%
                                  CHIMERIC READS:
                       Number of chimeric reads |	0
                            % of chimeric reads |	0.00%
