[2020-12-08 23:24:08.457] [puff::index::jointLog] [info] Running fixFasta
[2020-12-08 23:24:08.468] [puff::index::jointLog] [warning] Removed 1 transcripts that were sequence duplicates of indexed transcripts.
[2020-12-08 23:24:08.468] [puff::index::jointLog] [warning] If you wish to retain duplicate transcripts, please use the `--keepDuplicates` flag
[2020-12-08 23:24:08.468] [puff::index::jointLog] [warning] There were 1 duplicate decoy sequences.
[2020-12-08 23:24:08.484] [puff::index::jointLog] [info] Replaced 0 non-ATCG nucleotides
[2020-12-08 23:24:08.484] [puff::index::jointLog] [info] Clipped poly-A tails from 0 transcripts
[2020-12-08 23:24:08.489] [puff::index::jointLog] [info] Filter size not provided; estimating from number of distinct k-mers
[2020-12-08 23:24:08.496] [puff::index::jointLog] [info] ntHll estimated 191222 distinct k-mers, setting filter size to 2^22
[2020-12-08 23:24:08.810] [puff::index::jointLog] [info] Starting the Pufferfish indexing by reading the GFA binary file.
[2020-12-08 23:24:08.810] [puff::index::jointLog] [info] Setting the index/BinaryGfa directory salmon
[2020-12-08 23:24:08.811] [puff::index::jointLog] [info] Done wrapping the rank vector with a rank9sel structure.
[2020-12-08 23:24:08.811] [puff::index::jointLog] [info] contig count for validation: 839
[2020-12-08 23:24:08.812] [puff::index::jointLog] [info] Total # of Contigs : 839
[2020-12-08 23:24:08.812] [puff::index::jointLog] [info] Total # of numerical Contigs : 839
[2020-12-08 23:24:08.812] [puff::index::jointLog] [info] Total # of contig vec entries: 1954
[2020-12-08 23:24:08.812] [puff::index::jointLog] [info] bits per offset entry 11
[2020-12-08 23:24:08.812] [puff::index::jointLog] [info] Done constructing the contig vector. 840
[2020-12-08 23:24:08.813] [puff::index::jointLog] [info] # segments = 839
[2020-12-08 23:24:08.813] [puff::index::jointLog] [info] total length = 247935
[2020-12-08 23:24:08.814] [puff::index::jointLog] [info] Reading the reference files ...
[2020-12-08 23:24:08.817] [puff::index::jointLog] [info] positional integer width = 18
[2020-12-08 23:24:08.817] [puff::index::jointLog] [info] seqSize = 247935
[2020-12-08 23:24:08.817] [puff::index::jointLog] [info] rankSize = 247935
[2020-12-08 23:24:08.817] [puff::index::jointLog] [info] edgeVecSize = 0
[2020-12-08 23:24:08.817] [puff::index::jointLog] [info] num keys = 222765
[2020-12-08 23:24:08.857] [puff::index::jointLog] [info] mphf size = 0.139839 MB
[2020-12-08 23:24:08.857] [puff::index::jointLog] [info] chunk size = 123968
[2020-12-08 23:24:08.857] [puff::index::jointLog] [info] chunk 0 = [0, 123968)
[2020-12-08 23:24:08.857] [puff::index::jointLog] [info] chunk 1 = [123968, 247905)
[2020-12-08 23:24:08.871] [puff::index::jointLog] [info] finished populating pos vector
[2020-12-08 23:24:08.871] [puff::index::jointLog] [info] writing index components
[2020-12-08 23:24:08.872] [puff::index::jointLog] [info] finished writing dense pufferfish index
