java -ea -Xmx4915M -Xms4915M -cp //usr/local/share/bcbio/anaconda/opt/bbmap-38.73-0/current/ align2.BBSplitter ow=t fastareadlen=500 minhits=1 minratio=0.56 maxindel=20 qtrim=rl untrim=t trimq=6 -Xmx4915M path=bbsplit threads=2 in=WT_REP2_1_val_1.fq.gz in2=WT_REP2_2_val_2.fq.gz basename=WT_REP2_%_#.fastq.gz refstats=WT_REP2.stats.txt build=1 ambiguous2=all maxindel=150000
Executing align2.BBSplitter [ow=t, fastareadlen=500, minhits=1, minratio=0.56, maxindel=20, qtrim=rl, untrim=t, trimq=6, -Xmx4915M, path=bbsplit, threads=2, in=WT_REP2_1_val_1.fq.gz, in2=WT_REP2_2_val_2.fq.gz, basename=WT_REP2_%_#.fastq.gz, refstats=WT_REP2.stats.txt, build=1, ambiguous2=all, maxindel=150000]

Merged reference file bbsplit/ref/genome/1/merged_ref_8374379829187813017.fa.gz already exists; skipping merge.
Ref merge time:     	0.039 seconds.
Executing align2.BBMap [ow=t, fastareadlen=500, minhits=1, minratio=0.56, maxindel=20, qtrim=rl, untrim=t, trimq=6, threads=2, in=WT_REP2_1_val_1.fq.gz, in2=WT_REP2_2_val_2.fq.gz, refstats=WT_REP2.stats.txt, build=1, ambiguous2=all, maxindel=150000, ref=bbsplit/ref/genome/1/merged_ref_8374379829187813017.fa.gz, out_primary=WT_REP2_primary_#.fastq.gz, out_sarscov2=WT_REP2_sarscov2_#.fastq.gz, out_human=WT_REP2_human_#.fastq.gz]
Version 38.73

Set MINIMUM_ALIGNMENT_SCORE_RATIO to 0.560
Set threads to 2
Reference set statistics will be written to WT_REP2.stats.txt
Retaining first best site only for ambiguous mappings.
NOTE:	Ignoring reference file because it already appears to have been processed.
NOTE:	If you wish to regenerate the index, please manually delete bbsplit/ref/genome/1/summary.txt
Set genome to 1

Loaded Reference:	0.055 seconds.
Loading index for chunk 1-1, build 1
Generated Index:	0.879 seconds.
Analyzed Index:   	3.001 seconds.
Reads that map to multiple references will be written to all relevant output streams.
Creating ref-set statistics table:    	0.042 seconds.
Cleared Memory:    	0.133 seconds.
Processing reads in paired-ended mode.
Started read stream.
Started 2 mapping threads.
Detecting finished threads: 0, 1

   ------------------   Results   ------------------   

Genome:                	1
Key Length:            	13
Max Indel:             	150000
Minimum Score Ratio:  	0.56
Mapping Mode:         	normal
Reads Used:           	99520	(9854238 bases)

Mapping:          	43.304 seconds.
Reads/sec:       	2298.18
kBases/sec:      	227.56


Pairing data:   	pct pairs	num pairs 	pct bases	   num bases

mated pairs:     	 96.5454% 	    48041 	 96.6111% 	     9520292
bad pairs:       	  0.5225% 	      260 	  0.5298% 	       52212
insert size avg: 	  171.65


Read 1 data:      	pct reads	num reads 	pct bases	   num bases

mapped:          	 98.3541% 	    48941 	 98.3431% 	     4850093
unambiguous:     	 97.1905% 	    48362 	 97.1877% 	     4793111
ambiguous:       	  1.1636% 	      579 	  1.1554% 	       56982
low-Q discards:  	  0.0000% 	        0 	  0.0000% 	           0

perfect best site:	 60.7114% 	    30210 	 60.6632% 	     2991794
semiperfect site:	 60.7114% 	    30210 	 60.6632% 	     2991794
rescued:         	  1.4610% 	      727

Match Rate:      	      NA 	       NA 	 92.5892% 	     4764241
Error Rate:      	 38.2011% 	    18696 	  7.4070% 	      381132
Sub Rate:        	 36.9608% 	    18089 	  1.6328% 	       84016
Del Rate:        	  2.3518% 	     1151 	  5.7423% 	      295476
Ins Rate:        	  1.0748% 	      526 	  0.0319% 	        1640
N Rate:          	  0.1124% 	       55 	  0.0038% 	         196


Read 2 data:      	pct reads	num reads 	pct bases	   num bases

mapped:          	 98.2918% 	    48910 	 98.3254% 	     4839999
unambiguous:     	 97.0659% 	    48300 	 97.1086% 	     4780102
ambiguous:       	  1.2259% 	      610 	  1.2168% 	       59897
low-Q discards:  	  0.0804% 	       40 	  0.0488% 	        2400

perfect best site:	 60.1568% 	    29934 	 60.1687% 	     2961764
semiperfect site:	 60.1568% 	    29934 	 60.1687% 	     2961764
rescued:         	  3.6897% 	     1836

Match Rate:      	      NA 	       NA 	 92.7221% 	     4747781
Error Rate:      	 38.6301% 	    18894 	  7.2562% 	      371547
Sub Rate:        	 37.2255% 	    18207 	  1.7494% 	       89578
Del Rate:        	  2.4739% 	     1210 	  5.4769% 	      280440
Ins Rate:        	  0.9466% 	      463 	  0.0299% 	        1529
N Rate:          	  0.2249% 	      110 	  0.0217% 	        1111

Total time:     	47.483 seconds.
