java -ea -Xmx4915M -Xms4915M -cp //usr/local/share/bcbio/anaconda/opt/bbmap-38.73-0/current/ align2.BBSplitter ow=t fastareadlen=500 minhits=1 minratio=0.56 maxindel=20 qtrim=rl untrim=t trimq=6 -Xmx4915M path=bbsplit threads=2 in=RAP1_UNINDUCED_REP1_trimmed.fq.gz basename=RAP1_UNINDUCED_REP1_%.fastq.gz refstats=RAP1_UNINDUCED_REP1.stats.txt build=1 ambiguous2=all maxindel=150000
Executing align2.BBSplitter [ow=t, fastareadlen=500, minhits=1, minratio=0.56, maxindel=20, qtrim=rl, untrim=t, trimq=6, -Xmx4915M, path=bbsplit, threads=2, in=RAP1_UNINDUCED_REP1_trimmed.fq.gz, basename=RAP1_UNINDUCED_REP1_%.fastq.gz, refstats=RAP1_UNINDUCED_REP1.stats.txt, build=1, ambiguous2=all, maxindel=150000]

Merged reference file bbsplit/ref/genome/1/merged_ref_8374379829187813017.fa.gz already exists; skipping merge.
Ref merge time:     	0.034 seconds.
Executing align2.BBMap [ow=t, fastareadlen=500, minhits=1, minratio=0.56, maxindel=20, qtrim=rl, untrim=t, trimq=6, threads=2, in=RAP1_UNINDUCED_REP1_trimmed.fq.gz, refstats=RAP1_UNINDUCED_REP1.stats.txt, build=1, ambiguous2=all, maxindel=150000, ref=bbsplit/ref/genome/1/merged_ref_8374379829187813017.fa.gz, out_primary=RAP1_UNINDUCED_REP1_primary.fastq.gz, out_sarscov2=RAP1_UNINDUCED_REP1_sarscov2.fastq.gz, out_human=RAP1_UNINDUCED_REP1_human.fastq.gz]
Version 38.73

Set MINIMUM_ALIGNMENT_SCORE_RATIO to 0.560
Set threads to 2
Reference set statistics will be written to RAP1_UNINDUCED_REP1.stats.txt
Retaining first best site only for ambiguous mappings.
NOTE:	Ignoring reference file because it already appears to have been processed.
NOTE:	If you wish to regenerate the index, please manually delete bbsplit/ref/genome/1/summary.txt
Set genome to 1

Loaded Reference:	0.034 seconds.
Loading index for chunk 1-1, build 1
Generated Index:	0.927 seconds.
Analyzed Index:   	3.088 seconds.
Reads that map to multiple references will be written to all relevant output streams.
Creating ref-set statistics table:    	0.036 seconds.
Cleared Memory:    	0.126 seconds.
Processing reads in single-ended mode.
Started read stream.
Started 2 mapping threads.
Detecting finished threads: 0, 1

   ------------------   Results   ------------------   

Genome:                	1
Key Length:            	13
Max Indel:             	150000
Minimum Score Ratio:  	0.56
Mapping Mode:         	normal
Reads Used:           	49969	(4949568 bases)

Mapping:          	24.144 seconds.
Reads/sec:       	2069.63
kBases/sec:      	205.00


Read 1 data:      	pct reads	num reads 	pct bases	   num bases

mapped:          	 97.1943% 	    48567 	 97.1818% 	     4810079
unambiguous:     	 95.3991% 	    47670 	 95.3848% 	     4721136
ambiguous:       	  1.7951% 	      897 	  1.7970% 	       88943
low-Q discards:  	  0.0000% 	        0 	  0.0000% 	           0

perfect best site:	 61.5241% 	    30743 	 61.4975% 	     3043861
semiperfect site:	 61.5241% 	    30743 	 61.4975% 	     3043861

Match Rate:      	      NA 	       NA 	 92.2479% 	     4734374
Error Rate:      	 36.2547% 	    17796 	  7.7487% 	      397683
Sub Rate:        	 34.9081% 	    17135 	  1.4519% 	       74513
Del Rate:        	  2.3204% 	     1139 	  6.2770% 	      322150
Ins Rate:        	  0.8699% 	      427 	  0.0199% 	        1020
N Rate:          	  0.0917% 	       45 	  0.0034% 	         172

Total time:     	28.442 seconds.
