java -ea -Xmx4915M -Xms4915M -cp //usr/local/share/bcbio/anaconda/opt/bbmap-38.73-0/current/ align2.BBSplitter ow=t fastareadlen=500 minhits=1 minratio=0.56 maxindel=20 qtrim=rl untrim=t trimq=6 -Xmx4915M path=bbsplit threads=2 in=RAP1_IAA_30M_REP1_1_val_1.fq.gz in2=RAP1_IAA_30M_REP1_2_val_2.fq.gz basename=RAP1_IAA_30M_REP1_%_#.fastq.gz refstats=RAP1_IAA_30M_REP1.stats.txt build=1 ambiguous2=all maxindel=150000
Executing align2.BBSplitter [ow=t, fastareadlen=500, minhits=1, minratio=0.56, maxindel=20, qtrim=rl, untrim=t, trimq=6, -Xmx4915M, path=bbsplit, threads=2, in=RAP1_IAA_30M_REP1_1_val_1.fq.gz, in2=RAP1_IAA_30M_REP1_2_val_2.fq.gz, basename=RAP1_IAA_30M_REP1_%_#.fastq.gz, refstats=RAP1_IAA_30M_REP1.stats.txt, build=1, ambiguous2=all, maxindel=150000]

Merged reference file bbsplit/ref/genome/1/merged_ref_8374379829187813017.fa.gz already exists; skipping merge.
Ref merge time:     	0.023 seconds.
Executing align2.BBMap [ow=t, fastareadlen=500, minhits=1, minratio=0.56, maxindel=20, qtrim=rl, untrim=t, trimq=6, threads=2, in=RAP1_IAA_30M_REP1_1_val_1.fq.gz, in2=RAP1_IAA_30M_REP1_2_val_2.fq.gz, refstats=RAP1_IAA_30M_REP1.stats.txt, build=1, ambiguous2=all, maxindel=150000, ref=bbsplit/ref/genome/1/merged_ref_8374379829187813017.fa.gz, out_primary=RAP1_IAA_30M_REP1_primary_#.fastq.gz, out_sarscov2=RAP1_IAA_30M_REP1_sarscov2_#.fastq.gz, out_human=RAP1_IAA_30M_REP1_human_#.fastq.gz]
Version 38.73

Set MINIMUM_ALIGNMENT_SCORE_RATIO to 0.560
Set threads to 2
Reference set statistics will be written to RAP1_IAA_30M_REP1.stats.txt
Retaining first best site only for ambiguous mappings.
NOTE:	Ignoring reference file because it already appears to have been processed.
NOTE:	If you wish to regenerate the index, please manually delete bbsplit/ref/genome/1/summary.txt
Set genome to 1

Loaded Reference:	0.025 seconds.
Loading index for chunk 1-1, build 1
Generated Index:	0.837 seconds.
Analyzed Index:   	4.135 seconds.
Reads that map to multiple references will be written to all relevant output streams.
Creating ref-set statistics table:    	0.515 seconds.
Cleared Memory:    	0.305 seconds.
Processing reads in paired-ended mode.
Started read stream.
Started 2 mapping threads.
Detecting finished threads: 0, 1

   ------------------   Results   ------------------   

Genome:                	1
Key Length:            	13
Max Indel:             	150000
Minimum Score Ratio:  	0.56
Mapping Mode:         	normal
Reads Used:           	99582	(9877752 bases)

Mapping:          	39.555 seconds.
Reads/sec:       	2517.58
kBases/sec:      	249.72


Pairing data:   	pct pairs	num pairs 	pct bases	   num bases

mated pairs:     	 97.0979% 	    48346 	 97.1508% 	     9596320
bad pairs:       	  0.4459% 	      222 	  0.4495% 	       44400
insert size avg: 	  173.01


Read 1 data:      	pct reads	num reads 	pct bases	   num bases

mapped:          	 98.4937% 	    49041 	 98.4849% 	     4867707
unambiguous:     	 97.4574% 	    48525 	 97.4596% 	     4817029
ambiguous:       	  1.0363% 	      516 	  1.0253% 	       50678
low-Q discards:  	  0.0000% 	        0 	  0.0000% 	           0

perfect best site:	 60.7640% 	    30255 	 60.7535% 	     3002796
semiperfect site:	 60.7640% 	    30255 	 60.7535% 	     3002796
rescued:         	  1.4621% 	      728

Match Rate:      	      NA 	       NA 	 92.1800% 	     4783253
Error Rate:      	 38.2680% 	    18767 	  7.8178% 	      405667
Sub Rate:        	 36.9691% 	    18130 	  1.5913% 	       82575
Del Rate:        	  2.3654% 	     1160 	  6.1925% 	      321331
Ins Rate:        	  1.1684% 	      573 	  0.0339% 	        1761
N Rate:          	  0.0591% 	       29 	  0.0023% 	         118


Read 2 data:      	pct reads	num reads 	pct bases	   num bases

mapped:          	 98.6524% 	    49120 	 98.6798% 	     4870004
unambiguous:     	 97.5899% 	    48591 	 97.6296% 	     4818175
ambiguous:       	  1.0624% 	      529 	  1.0502% 	       51829
low-Q discards:  	  0.0582% 	       29 	  0.0353% 	        1740

perfect best site:	 61.7180% 	    30730 	 61.7666% 	     3048282
semiperfect site:	 61.7200% 	    30731 	 61.7687% 	     3048383
rescued:         	  3.5850% 	     1785

Match Rate:      	      NA 	       NA 	 94.7661% 	     4780850
Error Rate:      	 37.2944% 	    18319 	  5.2122% 	      262950
Sub Rate:        	 35.8795% 	    17624 	  1.7185% 	       86695
Del Rate:        	  2.4552% 	     1206 	  3.4667% 	      174890
Ins Rate:        	  0.9283% 	      456 	  0.0271% 	        1365
N Rate:          	  0.1873% 	       92 	  0.0217% 	        1094

Total time:     	45.420 seconds.
