java -ea -Xmx4915M -Xms4915M -cp //usr/local/share/bcbio/anaconda/opt/bbmap-38.73-0/current/ align2.BBSplitter ow=t fastareadlen=500 minhits=1 minratio=0.56 maxindel=20 qtrim=rl untrim=t trimq=6 -Xmx4915M path=bbsplit threads=2 in=RAP1_UNINDUCED_REP2_trimmed.fq.gz basename=RAP1_UNINDUCED_REP2_%.fastq.gz refstats=RAP1_UNINDUCED_REP2.stats.txt build=1 ambiguous2=all maxindel=150000
Executing align2.BBSplitter [ow=t, fastareadlen=500, minhits=1, minratio=0.56, maxindel=20, qtrim=rl, untrim=t, trimq=6, -Xmx4915M, path=bbsplit, threads=2, in=RAP1_UNINDUCED_REP2_trimmed.fq.gz, basename=RAP1_UNINDUCED_REP2_%.fastq.gz, refstats=RAP1_UNINDUCED_REP2.stats.txt, build=1, ambiguous2=all, maxindel=150000]

Merged reference file bbsplit/ref/genome/1/merged_ref_8374379829187813017.fa.gz already exists; skipping merge.
Ref merge time:     	0.028 seconds.
Executing align2.BBMap [ow=t, fastareadlen=500, minhits=1, minratio=0.56, maxindel=20, qtrim=rl, untrim=t, trimq=6, threads=2, in=RAP1_UNINDUCED_REP2_trimmed.fq.gz, refstats=RAP1_UNINDUCED_REP2.stats.txt, build=1, ambiguous2=all, maxindel=150000, ref=bbsplit/ref/genome/1/merged_ref_8374379829187813017.fa.gz, out_primary=RAP1_UNINDUCED_REP2_primary.fastq.gz, out_sarscov2=RAP1_UNINDUCED_REP2_sarscov2.fastq.gz, out_human=RAP1_UNINDUCED_REP2_human.fastq.gz]
Version 38.73

Set MINIMUM_ALIGNMENT_SCORE_RATIO to 0.560
Set threads to 2
Reference set statistics will be written to RAP1_UNINDUCED_REP2.stats.txt
Retaining first best site only for ambiguous mappings.
NOTE:	Ignoring reference file because it already appears to have been processed.
NOTE:	If you wish to regenerate the index, please manually delete bbsplit/ref/genome/1/summary.txt
Set genome to 1

Loaded Reference:	0.030 seconds.
Loading index for chunk 1-1, build 1
Generated Index:	0.629 seconds.
Analyzed Index:   	4.045 seconds.
Reads that map to multiple references will be written to all relevant output streams.
Creating ref-set statistics table:    	0.288 seconds.
Cleared Memory:    	0.333 seconds.
Processing reads in single-ended mode.
Started read stream.
Started 2 mapping threads.
Detecting finished threads: 0, 1

   ------------------   Results   ------------------   

Genome:                	1
Key Length:            	13
Max Indel:             	150000
Minimum Score Ratio:  	0.56
Mapping Mode:         	normal
Reads Used:           	99971	(9911211 bases)

Mapping:          	33.088 seconds.
Reads/sec:       	3021.39
kBases/sec:      	299.54


Read 1 data:      	pct reads	num reads 	pct bases	   num bases

mapped:          	 97.6833% 	    97655 	 97.6798% 	     9681255
unambiguous:     	 95.9158% 	    95888 	 95.9149% 	     9506333
ambiguous:       	  1.7675% 	     1767 	  1.7649% 	      174922
low-Q discards:  	  0.0000% 	        0 	  0.0000% 	           0

perfect best site:	 61.9590% 	    61941 	 61.9376% 	     6138765
semiperfect site:	 61.9590% 	    61941 	 61.9376% 	     6138765

Match Rate:      	      NA 	       NA 	 92.3089% 	     9527200
Error Rate:      	 36.0997% 	    35625 	  7.6862% 	      793296
Sub Rate:        	 34.8483% 	    34390 	  1.4684% 	      151549
Del Rate:        	  2.2465% 	     2217 	  6.1985% 	      639748
Ins Rate:        	  0.8573% 	      846 	  0.0194% 	        1999
N Rate:          	  0.1338% 	      132 	  0.0049% 	         507

Total time:     	38.475 seconds.
