STAR version=STAR_2.6.1d
STAR compilation time,server,dir=Fri Nov 16 17:02:31 EST 2018 florence.cshl.edu:/sonas-hs/gingeras/nlsas_norepl/user/dobin/STAR/STAR.master/source
##### DEFAULT parameters:
versionSTAR                       20201
versionGenome                     20101   20200   
parametersFiles                   -   
sysShell                          -
runMode                           alignReads
runThreadN                        1
runDirPerm                        User_RWX
runRNGseed                        777
genomeDir                         ./GenomeDir/
genomeLoad                        NoSharedMemory
genomeFastaFiles                  -   
genomeChainFiles                  -   
genomeSAindexNbases               14
genomeChrBinNbits                 18
genomeSAsparseD                   1
genomeSuffixLengthMax             18446744073709551615
genomeFileSizes                   0   
genomeConsensusFile               -
readFilesType                     Fastx   
readFilesIn                       Read1   Read2   
readFilesPrefix                   -
readFilesCommand                  -   
readMatesLengthsIn                NotEqual
readMapNumber                     18446744073709551615
readNameSeparator                 /   
inputBAMfile                      -
bamRemoveDuplicatesType           -
bamRemoveDuplicatesMate2basesN    0
limitGenomeGenerateRAM            31000000000
limitIObufferSize                 150000000
limitOutSAMoneReadBytes           100000
limitOutSJcollapsed               1000000
limitOutSJoneRead                 1000
limitBAMsortRAM                   0
limitSjdbInsertNsj                1000000
outTmpDir                         -
outTmpKeep                        None
outStd                            Log
outReadsUnmapped                  None
outQSconversionAdd                0
outMultimapperOrder               Old_2.4
outSAMtype                        SAM   
outSAMmode                        Full
outSAMstrandField                 None
outSAMattributes                  Standard   
outSAMunmapped                    None   
outSAMorder                       Paired
outSAMprimaryFlag                 OneBestScore
outSAMreadID                      Standard
outSAMmapqUnique                  255
outSAMflagOR                      0
outSAMflagAND                     65535
outSAMattrRGline                  -   
outSAMheaderHD                    -   
outSAMheaderPG                    -   
outSAMheaderCommentFile           -
outBAMcompression                 1
outBAMsortingThreadN              0
outBAMsortingBinsN                50
outSAMfilter                      None   
outSAMmultNmax                    18446744073709551615
outSAMattrIHstart                 1
outSAMtlen                        1
outSJfilterReads                  All
outSJfilterCountUniqueMin         3   1   1   1   
outSJfilterCountTotalMin          3   1   1   1   
outSJfilterOverhangMin            30   12   12   12   
outSJfilterDistToOtherSJmin       10   0   5   10   
outSJfilterIntronMaxVsReadN       50000   100000   200000   
outWigType                        None   
outWigStrand                      Stranded   
outWigReferencesPrefix            -
outWigNorm                        RPM   
outFilterType                     Normal
outFilterMultimapNmax             10
outFilterMultimapScoreRange       1
outFilterScoreMin                 0
outFilterScoreMinOverLread        0.66
outFilterMatchNmin                0
outFilterMatchNminOverLread       0.66
outFilterMismatchNmax             10
outFilterMismatchNoverLmax        0.3
outFilterMismatchNoverReadLmax    1
outFilterIntronMotifs             None
outFilterIntronStrands            RemoveInconsistentStrands
clip5pNbases                      0   
clip3pNbases                      0   
clip3pAfterAdapterNbases          0   
clip3pAdapterSeq                  -   
clip3pAdapterMMp                  0.1   
winBinNbits                       16
winAnchorDistNbins                9
winFlankNbins                     4
winAnchorMultimapNmax             50
winReadCoverageRelativeMin        0.5
winReadCoverageBasesMin           0
scoreGap                          0
scoreGapNoncan                    -8
scoreGapGCAG                      -4
scoreGapATAC                      -8
scoreStitchSJshift                1
scoreGenomicLengthLog2scale       -0.25
scoreDelBase                      -2
scoreDelOpen                      -2
scoreInsOpen                      -2
scoreInsBase                      -2
seedSearchLmax                    0
seedSearchStartLmax               50
seedSearchStartLmaxOverLread      1
seedPerReadNmax                   1000
seedPerWindowNmax                 50
seedNoneLociPerWindow             10
seedMultimapNmax                  10000
seedSplitMin                      12
alignIntronMin                    21
alignIntronMax                    0
alignMatesGapMax                  0
alignTranscriptsPerReadNmax       10000
alignSJoverhangMin                5
alignSJDBoverhangMin              3
alignSJstitchMismatchNmax         0   -1   0   0   
alignSplicedMateMapLmin           0
alignSplicedMateMapLminOverLmate    0.66
alignWindowsPerReadNmax           10000
alignTranscriptsPerWindowNmax     100
alignEndsType                     Local
alignSoftClipAtReferenceEnds      Yes
alignEndsProtrude                 0   ConcordantPair   
alignInsertionFlush               None
peOverlapNbasesMin                0
peOverlapMMp                      0.01
chimSegmentMin                    0
chimScoreMin                      0
chimScoreDropMax                  20
chimScoreSeparation               10
chimScoreJunctionNonGTAG          -1
chimMainSegmentMultNmax           10
chimJunctionOverhangMin           20
chimOutType                       Junctions   
chimFilter                        banGenomicN   
chimSegmentReadGapMax             0
chimMultimapNmax                  0
chimMultimapScoreRange            1
chimNonchimScoreDropMin           20
chimOutJunctionFormat             0   
sjdbFileChrStartEnd               -   
sjdbGTFfile                       -
sjdbGTFchrPrefix                  -
sjdbGTFfeatureExon                exon
sjdbGTFtagExonParentTranscript    transcript_id
sjdbGTFtagExonParentGene          gene_id
sjdbOverhang                      100
sjdbScore                         2
sjdbInsertSave                    Basic
varVCFfile                        -
waspOutputMode                    None
quantMode                         -   
quantTranscriptomeBAMcompression    1
quantTranscriptomeBan             IndelSoftclipSingleend
twopass1readsN                    18446744073709551615
twopassMode                       None
##### Command Line:
STAR --genomeDir star --readFilesIn input1/RAP1_UNINDUCED_REP1_primary.fastq.gz --runThreadN 2 --outFileNamePrefix RAP1_UNINDUCED_REP1. --sjdbGTFfile genome_gfp.gtf --outSAMattrRGline ID:RAP1_UNINDUCED_REP1 SM:RAP1_UNINDUCED_REP1 --quantMode TranscriptomeSAM --twopassMode Basic --outSAMtype BAM Unsorted --readFilesCommand zcat --runRNGseed 0 --outFilterMultimapNmax 20 --alignSJDBoverhangMin 1 --outSAMattributes NH HI AS NM MD --quantTranscriptomeBan Singleend --outSAMstrandField intronMotif
##### Initial USER parameters from Command Line:
outFileNamePrefix                 RAP1_UNINDUCED_REP1.
###### All USER parameters from Command Line:
genomeDir                     star     ~RE-DEFINED
readFilesIn                   input1/RAP1_UNINDUCED_REP1_primary.fastq.gz        ~RE-DEFINED
runThreadN                    2     ~RE-DEFINED
outFileNamePrefix             RAP1_UNINDUCED_REP1.     ~RE-DEFINED
sjdbGTFfile                   genome_gfp.gtf     ~RE-DEFINED
outSAMattrRGline              ID:RAP1_UNINDUCED_REP1   SM:RAP1_UNINDUCED_REP1        ~RE-DEFINED
quantMode                     TranscriptomeSAM        ~RE-DEFINED
twopassMode                   Basic     ~RE-DEFINED
outSAMtype                    BAM   Unsorted        ~RE-DEFINED
readFilesCommand              zcat        ~RE-DEFINED
runRNGseed                    0     ~RE-DEFINED
outFilterMultimapNmax         20     ~RE-DEFINED
alignSJDBoverhangMin          1     ~RE-DEFINED
outSAMattributes              NH   HI   AS   NM   MD        ~RE-DEFINED
quantTranscriptomeBan         Singleend     ~RE-DEFINED
outSAMstrandField             intronMotif     ~RE-DEFINED
##### Finished reading parameters from all sources

##### Final user re-defined parameters-----------------:
runThreadN                        2
runRNGseed                        0
genomeDir                         star
readFilesIn                       input1/RAP1_UNINDUCED_REP1_primary.fastq.gz   
readFilesCommand                  zcat   
outFileNamePrefix                 RAP1_UNINDUCED_REP1.
outSAMtype                        BAM   Unsorted   
outSAMstrandField                 intronMotif
outSAMattributes                  NH   HI   AS   NM   MD   
outSAMattrRGline                  ID:RAP1_UNINDUCED_REP1   SM:RAP1_UNINDUCED_REP1   
outFilterMultimapNmax             20
alignSJDBoverhangMin              1
sjdbGTFfile                       genome_gfp.gtf
quantMode                         TranscriptomeSAM   
quantTranscriptomeBan             Singleend
twopassMode                       Basic

-------------------------------
##### Final effective command line:
STAR   --runThreadN 2   --runRNGseed 0   --genomeDir star   --readFilesIn input1/RAP1_UNINDUCED_REP1_primary.fastq.gz      --readFilesCommand zcat      --outFileNamePrefix RAP1_UNINDUCED_REP1.   --outSAMtype BAM   Unsorted      --outSAMstrandField intronMotif   --outSAMattributes NH   HI   AS   NM   MD      --outSAMattrRGline ID:RAP1_UNINDUCED_REP1   SM:RAP1_UNINDUCED_REP1      --outFilterMultimapNmax 20   --alignSJDBoverhangMin 1   --sjdbGTFfile genome_gfp.gtf   --quantMode TranscriptomeSAM      --quantTranscriptomeBan Singleend   --twopassMode Basic

##### Final parameters after user input--------------------------------:
versionSTAR                       20201
versionGenome                     20101   20200   
parametersFiles                   -   
sysShell                          -
runMode                           alignReads
runThreadN                        2
runDirPerm                        User_RWX
runRNGseed                        0
genomeDir                         star
genomeLoad                        NoSharedMemory
genomeFastaFiles                  -   
genomeChainFiles                  -   
genomeSAindexNbases               14
genomeChrBinNbits                 18
genomeSAsparseD                   1
genomeSuffixLengthMax             18446744073709551615
genomeFileSizes                   0   
genomeConsensusFile               -
readFilesType                     Fastx   
readFilesIn                       input1/RAP1_UNINDUCED_REP1_primary.fastq.gz   
readFilesPrefix                   -
readFilesCommand                  zcat   
readMatesLengthsIn                NotEqual
readMapNumber                     18446744073709551615
readNameSeparator                 /   
inputBAMfile                      -
bamRemoveDuplicatesType           -
bamRemoveDuplicatesMate2basesN    0
limitGenomeGenerateRAM            31000000000
limitIObufferSize                 150000000
limitOutSAMoneReadBytes           100000
limitOutSJcollapsed               1000000
limitOutSJoneRead                 1000
limitBAMsortRAM                   0
limitSjdbInsertNsj                1000000
outFileNamePrefix                 RAP1_UNINDUCED_REP1.
outTmpDir                         -
outTmpKeep                        None
outStd                            Log
outReadsUnmapped                  None
outQSconversionAdd                0
outMultimapperOrder               Old_2.4
outSAMtype                        BAM   Unsorted   
outSAMmode                        Full
outSAMstrandField                 intronMotif
outSAMattributes                  NH   HI   AS   NM   MD   
outSAMunmapped                    None   
outSAMorder                       Paired
outSAMprimaryFlag                 OneBestScore
outSAMreadID                      Standard
outSAMmapqUnique                  255
outSAMflagOR                      0
outSAMflagAND                     65535
outSAMattrRGline                  ID:RAP1_UNINDUCED_REP1   SM:RAP1_UNINDUCED_REP1   
outSAMheaderHD                    -   
outSAMheaderPG                    -   
outSAMheaderCommentFile           -
outBAMcompression                 1
outBAMsortingThreadN              0
outBAMsortingBinsN                50
outSAMfilter                      None   
outSAMmultNmax                    18446744073709551615
outSAMattrIHstart                 1
outSAMtlen                        1
outSJfilterReads                  All
outSJfilterCountUniqueMin         3   1   1   1   
outSJfilterCountTotalMin          3   1   1   1   
outSJfilterOverhangMin            30   12   12   12   
outSJfilterDistToOtherSJmin       10   0   5   10   
outSJfilterIntronMaxVsReadN       50000   100000   200000   
outWigType                        None   
outWigStrand                      Stranded   
outWigReferencesPrefix            -
outWigNorm                        RPM   
outFilterType                     Normal
outFilterMultimapNmax             20
outFilterMultimapScoreRange       1
outFilterScoreMin                 0
outFilterScoreMinOverLread        0.66
outFilterMatchNmin                0
outFilterMatchNminOverLread       0.66
outFilterMismatchNmax             10
outFilterMismatchNoverLmax        0.3
outFilterMismatchNoverReadLmax    1
outFilterIntronMotifs             None
outFilterIntronStrands            RemoveInconsistentStrands
clip5pNbases                      0   
clip3pNbases                      0   
clip3pAfterAdapterNbases          0   
clip3pAdapterSeq                  -   
clip3pAdapterMMp                  0.1   
winBinNbits                       16
winAnchorDistNbins                9
winFlankNbins                     4
winAnchorMultimapNmax             50
winReadCoverageRelativeMin        0.5
winReadCoverageBasesMin           0
scoreGap                          0
scoreGapNoncan                    -8
scoreGapGCAG                      -4
scoreGapATAC                      -8
scoreStitchSJshift                1
scoreGenomicLengthLog2scale       -0.25
scoreDelBase                      -2
scoreDelOpen                      -2
scoreInsOpen                      -2
scoreInsBase                      -2
seedSearchLmax                    0
seedSearchStartLmax               50
seedSearchStartLmaxOverLread      1
seedPerReadNmax                   1000
seedPerWindowNmax                 50
seedNoneLociPerWindow             10
seedMultimapNmax                  10000
seedSplitMin                      12
alignIntronMin                    21
alignIntronMax                    0
alignMatesGapMax                  0
alignTranscriptsPerReadNmax       10000
alignSJoverhangMin                5
alignSJDBoverhangMin              1
alignSJstitchMismatchNmax         0   -1   0   0   
alignSplicedMateMapLmin           0
alignSplicedMateMapLminOverLmate    0.66
alignWindowsPerReadNmax           10000
alignTranscriptsPerWindowNmax     100
alignEndsType                     Local
alignSoftClipAtReferenceEnds      Yes
alignEndsProtrude                 0   ConcordantPair   
alignInsertionFlush               None
peOverlapNbasesMin                0
peOverlapMMp                      0.01
chimSegmentMin                    0
chimScoreMin                      0
chimScoreDropMax                  20
chimScoreSeparation               10
chimScoreJunctionNonGTAG          -1
chimMainSegmentMultNmax           10
chimJunctionOverhangMin           20
chimOutType                       Junctions   
chimFilter                        banGenomicN   
chimSegmentReadGapMax             0
chimMultimapNmax                  0
chimMultimapScoreRange            1
chimNonchimScoreDropMin           20
chimOutJunctionFormat             0   
sjdbFileChrStartEnd               -   
sjdbGTFfile                       genome_gfp.gtf
sjdbGTFchrPrefix                  -
sjdbGTFfeatureExon                exon
sjdbGTFtagExonParentTranscript    transcript_id
sjdbGTFtagExonParentGene          gene_id
sjdbOverhang                      100
sjdbScore                         2
sjdbInsertSave                    Basic
varVCFfile                        -
waspOutputMode                    None
quantMode                         TranscriptomeSAM   
quantTranscriptomeBAMcompression    1
quantTranscriptomeBan             Singleend
twopass1readsN                    18446744073709551615
twopassMode                       Basic
----------------------------------------


   Input read files for mate 1, from input string input1/RAP1_UNINDUCED_REP1_primary.fastq.gz
-rw-rw-r--. 1 tzhang tzhang 2811933 Oct  2 18:49 input1/RAP1_UNINDUCED_REP1_primary.fastq.gz

   readsCommandsFile:
exec > "RAP1_UNINDUCED_REP1._STARtmp/tmp.fifo.read1"
echo FILE 0
zcat      "input1/RAP1_UNINDUCED_REP1_primary.fastq.gz"

WARNING --outSAMattrRG defines a read group, therefore STAR will output RG attribute
WARNING --outSAMstrandField=intronMotif, therefore STAR will output XS attribute
Finished loading and checking parameters
Reading genome generation parameters:
### STAR   --runMode genomeGenerate   --runThreadN 2   --genomeDir star/   --genomeFastaFiles genome_gfp.fasta      --genomeSAindexNbases 8   --limitGenomeGenerateRAM 6342450944   --sjdbGTFfile genome_gfp.gtf
### GstrandBit=32
versionGenome                 20201        ~RE-DEFINED
genomeFastaFiles              genome_gfp.fasta        ~RE-DEFINED
genomeSAindexNbases           8     ~RE-DEFINED
genomeChrBinNbits             18     ~RE-DEFINED
genomeSAsparseD               1     ~RE-DEFINED
sjdbOverhang                  100     ~RE-DEFINED
sjdbFileChrStartEnd           -        ~RE-DEFINED
sjdbGTFfile                   genome_gfp.gtf     ~RE-DEFINED
sjdbGTFchrPrefix              -     ~RE-DEFINED
sjdbGTFfeatureExon            exon     ~RE-DEFINED
sjdbGTFtagExonParentTranscripttranscript_id     ~RE-DEFINED
sjdbGTFtagExonParentGene      gene_id     ~RE-DEFINED
sjdbInsertSave                Basic     ~RE-DEFINED
genomeFileSizes               525293   1913566        ~RE-DEFINED
Genome version is compatible with current STAR version
Number of real (reference) chromosomes= 2
1	I	230218	0
2	Gfp_transgene	729	262144
--sjdbOverhang = 100 taken from the generated genome
Started loading the genome: Mon Oct  2 18:49:59 2023

Genome: size given as a parameter = 525293
SA: size given as a parameter = 1913566
SAindex: size given as a parameter = 1
Read from SAindex: pGe.gSAindexNbases=8  nSAi=87380
nGenome=525293;  nSAbyte=1913566
GstrandBit=32   SA number of indices=463894
Shared memory is not used for genomes. Allocated a private copy of the genome.
Genome file size: 525293 bytes; state: good=1 eof=0 fail=0 bad=0
Loading Genome ... done! state: good=1 eof=0 fail=0 bad=0; loaded 525293 bytes
SA file size: 1913566 bytes; state: good=1 eof=0 fail=0 bad=0
Loading SA ... done! state: good=1 eof=0 fail=0 bad=0; loaded 1913566 bytes
Loading SAindex ... done: 382371 bytes
Finished loading the genome: Mon Oct  2 18:49:59 2023

Processing splice junctions database sjdbN=5,   pGe.sjdbOverhang=100 
alignIntronMax=alignMatesGapMax=0, the max intron size will be approximately determined by (2^winBinNbits)*winAnchorDistNbins=589824
Oct 02 18:49:59   Loaded database junctions from the generated genome star/sjdbList.out.tab: 5 total junctions

Oct 02 18:49:59 ..... processing annotations GTF
Processing pGe.sjdbGTFfile=genome_gfp.gtf, found:
		125 transcripts
		130 exons (non-collapsed)
		5 collapsed junctions
Oct 02 18:49:59 ..... finished GTF processing
Oct 02 18:49:59   Loaded database junctions from the GTF file: genome_gfp.gtf: 10 total junctions

Oct 02 18:49:59   Finished preparing junctions
Oct 02 18:49:59 ..... inserting junctions into the genome indices
Oct 02 18:49:59   Finished SA search: number of new junctions=0, old junctions=5
Oct 02 18:49:59   Finished sorting SA indicesL nInd=0
Genome size with junctions=525293  524288   1005
GstrandBit1=32   GstrandBit=32
Oct 02 18:49:59   Finished inserting junction indices
Oct 02 18:49:59   Finished SAi
Oct 02 18:49:59 ..... finished inserting junctions into genome
Created thread # 1
Starting to map file # 0
mate 1:   input1/RAP1_UNINDUCED_REP1_primary.fastq.gz
Thread #0 end of input stream, nextChar=-1
Completed: thread #1
Completed: thread #0
Joined thread # 1
Oct 02 18:50:07   Loaded database junctions from the 1st pass file: RAP1_UNINDUCED_REP1._STARpass1//SJ.out.tab: 48 total junctions

Oct 02 18:50:07   Finished preparing junctions
Oct 02 18:50:07 ..... inserting junctions into the genome indices
Oct 02 18:50:07   Finished SA search: number of new junctions=33, old junctions=5
Oct 02 18:50:07   Finished sorting SA indicesL nInd=13200
Genome size with junctions=531926  524288   7638
GstrandBit1=32   GstrandBit=32
Oct 02 18:50:07   Finished inserting junction indices
Oct 02 18:50:07   Finished SAi
Oct 02 18:50:07 ..... finished inserting junctions into genome

   Input read files for mate 1, from input string input1/RAP1_UNINDUCED_REP1_primary.fastq.gz
-rw-rw-r--. 1 tzhang tzhang 2811933 Oct  2 18:49 input1/RAP1_UNINDUCED_REP1_primary.fastq.gz

   readsCommandsFile:
exec > "RAP1_UNINDUCED_REP1._STARtmp/tmp.fifo.read1"
echo FILE 0
zcat      "input1/RAP1_UNINDUCED_REP1_primary.fastq.gz"

Loaded transcript database, nTr=125
Loaded exon database, nEx=130
Created thread # 1
Starting to map file # 0
mate 1:   input1/RAP1_UNINDUCED_REP1_primary.fastq.gz
Thread #0 end of input stream, nextChar=-1
Completed: thread #1
Completed: thread #0
Joined thread # 1
ALL DONE!
