                                 Started job on |	Oct 02 18:49:59
                             Started mapping on |	Oct 02 18:50:07
                                    Finished on |	Oct 02 18:50:15
       Mapping speed, Million of reads per hour |	21.86

                          Number of input reads |	48567
                      Average input read length |	99
                                    UNIQUE READS:
                   Uniquely mapped reads number |	46603
                        Uniquely mapped reads % |	95.96%
                          Average mapped length |	98.67
                       Number of splices: Total |	315
            Number of splices: Annotated (sjdb) |	235
                       Number of splices: GT/AG |	312
                       Number of splices: GC/AG |	0
                       Number of splices: AT/AC |	0
               Number of splices: Non-canonical |	3
                      Mismatch rate per base, % |	1.11%
                         Deletion rate per base |	0.02%
                        Deletion average length |	1.23
                        Insertion rate per base |	0.00%
                       Insertion average length |	1.20
                             MULTI-MAPPING READS:
        Number of reads mapped to multiple loci |	1110
             % of reads mapped to multiple loci |	2.29%
        Number of reads mapped to too many loci |	0
             % of reads mapped to too many loci |	0.00%
                                  UNMAPPED READS:
       % of reads unmapped: too many mismatches |	0.00%
                 % of reads unmapped: too short |	1.55%
                     % of reads unmapped: other |	0.20%
                                  CHIMERIC READS:
                       Number of chimeric reads |	0
                            % of chimeric reads |	0.00%
