Proceeding with single-core trimming (user-defined)
Path to Cutadapt set as: 'cutadapt' (default)
Cutadapt seems to be working fine (tested command 'cutadapt --version')
Cutadapt version: 4.4
single-core operation.
No quality encoding type selected. Assuming that the data provided uses Sanger encoded Phred scores (default)



AUTO-DETECTING ADAPTER TYPE
===========================
Attempting to auto-detect adapter type from the first 1 million sequences of the first file (>> RAP1_IAA_30M_REP1_1.fastq.gz <<)

Found perfect matches for the following adapter sequences:
Adapter type	Count	Sequence	Sequences analysed	Percentage
Illumina	1758	AGATCGGAAGAGC	50000	3.52
smallRNA	0	TGGAATTCTCGG	50000	0.00
Nextera	0	CTGTCTCTTATA	50000	0.00
Using Illumina adapter for trimming (count: 1758). Second best hit was smallRNA (count: 0)

Writing report to 'RAP1_IAA_30M_REP1_1.fastq.gz_trimming_report.txt'

SUMMARISING RUN PARAMETERS
==========================
Input filename: RAP1_IAA_30M_REP1_1.fastq.gz
Trimming mode: paired-end
Trim Galore version: 0.6.2
Cutadapt version: 4.4
Number of cores used for trimming: 1
Quality Phred score cutoff: 20
Quality encoding type selected: ASCII+33
Adapter sequence: 'AGATCGGAAGAGC' (Illumina TruSeq, Sanger iPCR; auto-detected)
Maximum trimming error rate: 0.1 (default)
Minimum required adapter overlap (stringency): 1 bp
Minimum required sequence length for both reads before a sequence pair gets removed: 20 bp
Running FastQC on the data once trimming has completed
Running FastQC with the following extra arguments: '-t 2'
Output file(s) will be GZIP compressed

Cutadapt seems to be fairly up-to-date (version 4.4). Setting -j 1
Writing final adapter and quality trimmed output to RAP1_IAA_30M_REP1_1_trimmed.fq.gz


  >>> Now performing quality (cutoff '-q 20') and adapter trimming in a single pass for the adapter sequence: 'AGATCGGAAGAGC' from file RAP1_IAA_30M_REP1_1.fastq.gz <<< 
This is cutadapt 4.4 with Python 3.10.6
Command line parameters: -j 1 -e 0.1 -q 20 -O 1 -a AGATCGGAAGAGC RAP1_IAA_30M_REP1_1.fastq.gz
Processing single-end reads on 1 core ...
Finished in 1.499 s (29.974 µs/read; 2.00 M reads/minute).

=== Summary ===

Total reads processed:                  50,000
Reads with adapters:                    19,615 (39.2%)
Reads written (passing filters):        50,000 (100.0%)

Total basepairs processed:     5,050,000 bp
Quality-trimmed:                  12,524 bp (0.2%)
Total written (filtered):      4,961,083 bp (98.2%)

=== Adapter 1 ===

Sequence: AGATCGGAAGAGC; Type: regular 3'; Length: 13; Trimmed: 19615 times

Minimum overlap: 1
No. of allowed errors:
1-9 bp: 0; 10-13 bp: 1

Bases preceding removed adapters:
  A: 28.6%
  C: 23.3%
  G: 24.3%
  T: 23.8%
  none/other: 0.0%

Overview of removed sequences
length	count	expect	max.err	error counts
1	11640	12500.0	0	11640
2	3324	3125.0	0	3324
3	932	781.2	0	932
4	507	195.3	0	507
5	205	48.8	0	205
6	197	12.2	0	197
7	227	3.1	0	227
8	176	0.8	0	176
9	169	0.2	0	169
10	195	0.0	1	183 12
11	132	0.0	1	131 1
12	132	0.0	1	124 8
13	132	0.0	1	128 4
14	124	0.0	1	121 3
15	123	0.0	1	121 2
16	103	0.0	1	103
17	115	0.0	1	110 5
18	96	0.0	1	95 1
19	77	0.0	1	73 4
20	92	0.0	1	91 1
21	70	0.0	1	67 3
22	73	0.0	1	72 1
23	75	0.0	1	75
24	64	0.0	1	63 1
25	64	0.0	1	61 3
26	33	0.0	1	32 1
27	51	0.0	1	50 1
28	48	0.0	1	46 2
29	45	0.0	1	45
30	51	0.0	1	50 1
31	39	0.0	1	38 1
32	28	0.0	1	27 1
33	20	0.0	1	20
34	23	0.0	1	22 1
35	18	0.0	1	18
36	26	0.0	1	26
37	28	0.0	1	28
38	24	0.0	1	24
39	14	0.0	1	14
40	8	0.0	1	8
41	22	0.0	1	21 1
42	12	0.0	1	12
43	7	0.0	1	6 1
44	5	0.0	1	5
45	11	0.0	1	11
46	9	0.0	1	9
47	8	0.0	1	8
48	6	0.0	1	6
49	9	0.0	1	8 1
50	2	0.0	1	2
51	4	0.0	1	4
52	5	0.0	1	5
53	1	0.0	1	1
54	3	0.0	1	3
56	1	0.0	1	1
57	3	0.0	1	3
58	3	0.0	1	3
59	1	0.0	1	1
60	2	0.0	1	1 1
61	1	0.0	1	1

RUN STATISTICS FOR INPUT FILE: RAP1_IAA_30M_REP1_1.fastq.gz
=============================================
50000 sequences processed in total
The length threshold of paired-end sequences gets evaluated later on (in the validation step)

Writing report to 'RAP1_IAA_30M_REP1_2.fastq.gz_trimming_report.txt'

SUMMARISING RUN PARAMETERS
==========================
Input filename: RAP1_IAA_30M_REP1_2.fastq.gz
Trimming mode: paired-end
Trim Galore version: 0.6.2
Cutadapt version: 4.4
Number of cores used for trimming: 1
Quality Phred score cutoff: 20
Quality encoding type selected: ASCII+33
Adapter sequence: 'AGATCGGAAGAGC' (Illumina TruSeq, Sanger iPCR; auto-detected)
Maximum trimming error rate: 0.1 (default)
Minimum required adapter overlap (stringency): 1 bp
Minimum required sequence length for both reads before a sequence pair gets removed: 20 bp
Running FastQC on the data once trimming has completed
Running FastQC with the following extra arguments: '-t 2'
Output file(s) will be GZIP compressed

Cutadapt seems to be fairly up-to-date (version 4.4). Setting -j -j 1
Writing final adapter and quality trimmed output to RAP1_IAA_30M_REP1_2_trimmed.fq.gz


  >>> Now performing quality (cutoff '-q 20') and adapter trimming in a single pass for the adapter sequence: 'AGATCGGAAGAGC' from file RAP1_IAA_30M_REP1_2.fastq.gz <<< 
This is cutadapt 4.4 with Python 3.10.6
Command line parameters: -j 1 -e 0.1 -q 20 -O 1 -a AGATCGGAAGAGC RAP1_IAA_30M_REP1_2.fastq.gz
Processing single-end reads on 1 core ...
Finished in 1.588 s (31.767 µs/read; 1.89 M reads/minute).

=== Summary ===

Total reads processed:                  50,000
Reads with adapters:                    22,073 (44.1%)
Reads written (passing filters):        50,000 (100.0%)

Total basepairs processed:     5,050,000 bp
Quality-trimmed:                  30,118 bp (0.6%)
Total written (filtered):      4,941,233 bp (97.8%)

=== Adapter 1 ===

Sequence: AGATCGGAAGAGC; Type: regular 3'; Length: 13; Trimmed: 22073 times

Minimum overlap: 1
No. of allowed errors:
1-9 bp: 0; 10-13 bp: 1

Bases preceding removed adapters:
  A: 36.6%
  C: 26.1%
  G: 19.8%
  T: 17.5%
  none/other: 0.0%

Overview of removed sequences
length	count	expect	max.err	error counts
1	14191	12500.0	0	14191
2	2878	3125.0	0	2878
3	1338	781.2	0	1338
4	439	195.3	0	439
5	255	48.8	0	255
6	200	12.2	0	200
7	212	3.1	0	212
8	183	0.8	0	183
9	183	0.2	0	181 2
10	190	0.0	1	187 3
11	125	0.0	1	120 5
12	138	0.0	1	137 1
13	106	0.0	1	106
14	139	0.0	1	137 2
15	113	0.0	1	109 4
16	99	0.0	1	98 1
17	132	0.0	1	128 4
18	70	0.0	1	68 2
19	97	0.0	1	92 5
20	89	0.0	1	88 1
21	54	0.0	1	54
22	71	0.0	1	69 2
23	73	0.0	1	70 3
24	67	0.0	1	67
25	58	0.0	1	57 1
26	38	0.0	1	34 4
27	47	0.0	1	45 2
28	58	0.0	1	56 2
29	37	0.0	1	37
30	47	0.0	1	44 3
31	38	0.0	1	38
32	25	0.0	1	25
33	26	0.0	1	26
34	25	0.0	1	25
35	21	0.0	1	21
36	18	0.0	1	18
37	32	0.0	1	32
38	20	0.0	1	18 2
39	16	0.0	1	15 1
40	9	0.0	1	9
41	17	0.0	1	17
42	17	0.0	1	17
43	8	0.0	1	8
44	6	0.0	1	6
45	10	0.0	1	10
46	11	0.0	1	11
47	9	0.0	1	9
48	6	0.0	1	6
49	5	0.0	1	5
50	3	0.0	1	3
51	4	0.0	1	4
52	5	0.0	1	5
53	1	0.0	1	1
54	2	0.0	1	2
55	1	0.0	1	1
56	1	0.0	1	1
57	2	0.0	1	2
58	2	0.0	1	2
59	3	0.0	1	3
60	1	0.0	1	1
61	1	0.0	1	0 1
62	1	0.0	1	1

RUN STATISTICS FOR INPUT FILE: RAP1_IAA_30M_REP1_2.fastq.gz
=============================================
50000 sequences processed in total
The length threshold of paired-end sequences gets evaluated later on (in the validation step)

Validate paired-end files RAP1_IAA_30M_REP1_1_trimmed.fq.gz and RAP1_IAA_30M_REP1_2_trimmed.fq.gz
file_1: RAP1_IAA_30M_REP1_1_trimmed.fq.gz, file_2: RAP1_IAA_30M_REP1_2_trimmed.fq.gz


>>>>> Now validing the length of the 2 paired-end infiles: RAP1_IAA_30M_REP1_1_trimmed.fq.gz and RAP1_IAA_30M_REP1_2_trimmed.fq.gz <<<<<
Writing validated paired-end read 1 reads to RAP1_IAA_30M_REP1_1_val_1.fq.gz
Writing validated paired-end read 2 reads to RAP1_IAA_30M_REP1_2_val_2.fq.gz

Total number of sequences analysed: 50000

Number of sequence pairs removed because at least one read was shorter than the length cutoff (20 bp): 209 (0.42%)


  >>> Now running FastQC on the validated data RAP1_IAA_30M_REP1_1_val_1.fq.gz<<<

Started analysis of RAP1_IAA_30M_REP1_1_val_1.fq.gz
Approx 5% complete for RAP1_IAA_30M_REP1_1_val_1.fq.gz
Approx 10% complete for RAP1_IAA_30M_REP1_1_val_1.fq.gz
Approx 15% complete for RAP1_IAA_30M_REP1_1_val_1.fq.gz
Approx 20% complete for RAP1_IAA_30M_REP1_1_val_1.fq.gz
Approx 25% complete for RAP1_IAA_30M_REP1_1_val_1.fq.gz
Approx 30% complete for RAP1_IAA_30M_REP1_1_val_1.fq.gz
Approx 35% complete for RAP1_IAA_30M_REP1_1_val_1.fq.gz
Approx 40% complete for RAP1_IAA_30M_REP1_1_val_1.fq.gz
Approx 45% complete for RAP1_IAA_30M_REP1_1_val_1.fq.gz
Approx 50% complete for RAP1_IAA_30M_REP1_1_val_1.fq.gz
Approx 55% complete for RAP1_IAA_30M_REP1_1_val_1.fq.gz
Approx 60% complete for RAP1_IAA_30M_REP1_1_val_1.fq.gz
Approx 65% complete for RAP1_IAA_30M_REP1_1_val_1.fq.gz
Approx 70% complete for RAP1_IAA_30M_REP1_1_val_1.fq.gz
Approx 75% complete for RAP1_IAA_30M_REP1_1_val_1.fq.gz
Approx 80% complete for RAP1_IAA_30M_REP1_1_val_1.fq.gz
Approx 85% complete for RAP1_IAA_30M_REP1_1_val_1.fq.gz
Approx 90% complete for RAP1_IAA_30M_REP1_1_val_1.fq.gz
Approx 95% complete for RAP1_IAA_30M_REP1_1_val_1.fq.gz
Analysis complete for RAP1_IAA_30M_REP1_1_val_1.fq.gz

  >>> Now running FastQC on the validated data RAP1_IAA_30M_REP1_2_val_2.fq.gz<<<

Started analysis of RAP1_IAA_30M_REP1_2_val_2.fq.gz
Approx 5% complete for RAP1_IAA_30M_REP1_2_val_2.fq.gz
Approx 10% complete for RAP1_IAA_30M_REP1_2_val_2.fq.gz
Approx 15% complete for RAP1_IAA_30M_REP1_2_val_2.fq.gz
Approx 20% complete for RAP1_IAA_30M_REP1_2_val_2.fq.gz
Approx 25% complete for RAP1_IAA_30M_REP1_2_val_2.fq.gz
Approx 30% complete for RAP1_IAA_30M_REP1_2_val_2.fq.gz
Approx 35% complete for RAP1_IAA_30M_REP1_2_val_2.fq.gz
Approx 40% complete for RAP1_IAA_30M_REP1_2_val_2.fq.gz
Approx 45% complete for RAP1_IAA_30M_REP1_2_val_2.fq.gz
Approx 50% complete for RAP1_IAA_30M_REP1_2_val_2.fq.gz
Approx 55% complete for RAP1_IAA_30M_REP1_2_val_2.fq.gz
Approx 60% complete for RAP1_IAA_30M_REP1_2_val_2.fq.gz
Approx 65% complete for RAP1_IAA_30M_REP1_2_val_2.fq.gz
Approx 70% complete for RAP1_IAA_30M_REP1_2_val_2.fq.gz
Approx 75% complete for RAP1_IAA_30M_REP1_2_val_2.fq.gz
Approx 80% complete for RAP1_IAA_30M_REP1_2_val_2.fq.gz
Approx 85% complete for RAP1_IAA_30M_REP1_2_val_2.fq.gz
Approx 90% complete for RAP1_IAA_30M_REP1_2_val_2.fq.gz
Approx 95% complete for RAP1_IAA_30M_REP1_2_val_2.fq.gz
Analysis complete for RAP1_IAA_30M_REP1_2_val_2.fq.gz
Deleting both intermediate output files RAP1_IAA_30M_REP1_1_trimmed.fq.gz and RAP1_IAA_30M_REP1_2_trimmed.fq.gz

====================================================================================================

